生成启动时间为 2018/7/3 16:08:12。
     1>项目“F:\ZT\cod\all\codplc\codplc\codplc.vcxproj”在节点 2 上(Rebuild 个目标)。
     1>ClCompile:
         D:\Program Files (x86)\Microsoft Visual Studio 12.0\VC\bin\CL.exe /c /ZI /nologo /W3 /WX- /Od /Oy- /D WIN32 /D _DEBUG /D _WINDOWS /D _USRDLL /D CODPLC_EXPORTS /D _WINDLL /D _MBCS /Gm /EHsc /RTC1 /MDd /GS /fp:precise /Zc:wchar_t /Zc:forScope /Fo"Debug\\" /Fd"Debug\vc120.pdb" /Gd /TP /analyze- /errorReport:prompt CMD.c codplc.c ProcessControl.c TubeAllot.C
         TubeAllot.C
         ProcessControl.c
     1>f:\zt\cod\all\codplc\codplc\processcontrol.c(316): warning C4244: “初始化”: 从“double”转换到“const int16_t”，可能丢失数据
         codplc.c
         CMD.c
         正在生成代码...
       Link:
         D:\Program Files (x86)\Microsoft Visual Studio 12.0\VC\bin\link.exe /ERRORREPORT:PROMPT /OUT:"F:\ZT\cod\all\codplc\Debug\codplc.dll" /INCREMENTAL /NOLOGO kernel32.lib user32.lib gdi32.lib winspool.lib comdlg32.lib advapi32.lib shell32.lib ole32.lib oleaut32.lib uuid.lib odbc32.lib odbccp32.lib /DEF:"codplc.def" /MANIFEST /MANIFESTUAC:"level='asInvoker' uiAccess='false'" /manifest:embed /DEBUG /PDB:"F:\ZT\cod\all\codplc\Debug\codplc.pdb" /SUBSYSTEM:WINDOWS /TLBID:1 /DYNAMICBASE /NXCOMPAT /IMPLIB:"F:\ZT\cod\all\codplc\Debug\codplc.lib" /MACHINE:X86 /DLL Debug\CMD.obj
         Debug\codplc.obj
         Debug\ProcessControl.obj
         Debug\TubeAllot.obj
            正在创建库 F:\ZT\cod\all\codplc\Debug\codplc.lib 和对象 F:\ZT\cod\all\codplc\Debug\codplc.exp
         codplc.vcxproj -> F:\ZT\cod\all\codplc\Debug\codplc.dll
     1>已完成生成项目“F:\ZT\cod\all\codplc\codplc\codplc.vcxproj”(Rebuild 个目标)的操作。

生成成功。

已用时间 00:00:01.38
